<?xml version="1.0" encoding="UTF-8"?>
<!-- Generated by org.testng.reporters.JUnitXMLReporter -->
<testsuite ignored="2" hostname="BOTPROCESSER" failures="0" tests="2" name="Test" time="16.866" errors="0" timestamp="2020-01-26T12:26:47 IST">
  <testcase classname="com.batchexecution.Customer" name="creationCustomer" time="3.182"/>
  <testcase classname="com.batchexecution.project" name="creationproject" time="2.907"/>
  <testcase classname="com.final_project.Base_class" name="@BeforeTest OpenBrowser" time="0.0">
    <ignored/>
  </testcase> <!-- @BeforeTest OpenBrowser -->
  <testcase classname="com.final_project.Base_class" name="@AfterTest closebrowser" time="0.0">
    <ignored/>
  </testcase> <!-- @AfterTest closebrowser -->
</testsuite> <!-- Test -->
